2020-04-11 16:26:17,363 INFO o.a.j.u.JMeterUtils: Setting Locale to en_EN
2020-04-11 16:26:17,393 INFO o.a.j.JMeter: Loading user properties from: /usr/local/Cellar/jmeter/5.2.1/libexec/bin/user.properties
2020-04-11 16:26:17,394 INFO o.a.j.JMeter: Loading system properties from: /usr/local/Cellar/jmeter/5.2.1/libexec/bin/system.properties
2020-04-11 16:26:17,395 INFO o.a.j.JMeter: Copyright (c) 1998-2019 The Apache Software Foundation
2020-04-11 16:26:17,395 INFO o.a.j.JMeter: Version 5.2.1
2020-04-11 16:26:17,395 INFO o.a.j.JMeter: java.version=1.8.0_192
2020-04-11 16:26:17,395 INFO o.a.j.JMeter: java.vm.name=Java HotSpot(TM) 64-Bit Server VM
2020-04-11 16:26:17,395 INFO o.a.j.JMeter: os.name=Mac OS X
2020-04-11 16:26:17,395 INFO o.a.j.JMeter: os.arch=x86_64
2020-04-11 16:26:17,395 INFO o.a.j.JMeter: os.version=10.14.6
2020-04-11 16:26:17,395 INFO o.a.j.JMeter: file.encoding=UTF-8
2020-04-11 16:26:17,396 INFO o.a.j.JMeter: java.awt.headless=null
2020-04-11 16:26:17,396 INFO o.a.j.JMeter: Max memory     =1073741824
2020-04-11 16:26:17,396 INFO o.a.j.JMeter: Available Processors =8
2020-04-11 16:26:17,401 INFO o.a.j.JMeter: Default Locale=English (EN)
2020-04-11 16:26:17,402 INFO o.a.j.JMeter: JMeter  Locale=English (EN)
2020-04-11 16:26:17,402 INFO o.a.j.JMeter: JMeterHome=/usr/local/Cellar/jmeter/5.2.1/libexec
2020-04-11 16:26:17,402 INFO o.a.j.JMeter: user.dir  =/Users/nofar/OpsSchool/Final-Project/final-course-project/terraform/global/VPC
2020-04-11 16:26:17,402 INFO o.a.j.JMeter: PWD       =/Users/nofar/OpsSchool/Final-Project/final-course-project/terraform/global/VPC
2020-04-11 16:26:17,473 INFO o.a.j.JMeter: IP: 10.0.0.11 Name: nofars-macbook-pro-3.local FullName: 10.0.0.11
2020-04-11 16:26:20,022 INFO o.a.j.g.a.LookAndFeelCommand: Installing Darcula LAF
2020-04-11 16:26:20,041 INFO o.a.j.g.a.LookAndFeelCommand: Using look and feel: com.bulenkov.darcula.DarculaLaf [Darcula]
2020-04-11 16:26:20,042 INFO o.a.j.JMeter: Setting LAF to: com.bulenkov.darcula.DarculaLaf
2020-04-11 16:26:20,130 INFO o.a.j.JMeter: Loaded icon properties from org/apache/jmeter/images/icon.properties
2020-04-11 16:26:20,930 INFO o.j.r.JARSourceHTTP: Found cached repo
2020-04-11 16:26:21,117 INFO o.j.r.PluginManager: Plugins Status: [jpgc-plugins-manager=1.3, jmeter-core=5.2.1, jmeter-ftp=5.2.1, jmeter-http=5.2.1, jmeter-jdbc=5.2.1, jmeter-jms=5.2.1, jmeter-junit=5.2.1, jmeter-java=5.2.1, jmeter-ldap=5.2.1, jmeter-mail=5.2.1, jmeter-mongodb=5.2.1, jmeter-native=5.2.1, jmeter-tcp=5.2.1, jmeter-components=5.2.1]
2020-04-11 16:26:21,118 INFO o.j.r.PluginManagerMenuItem: Plugins Manager has upgrades: [jpgc-plugins-manager]
2020-04-11 16:26:22,792 INFO o.a.j.p.h.s.HTTPSamplerBase: Parser for text/html is org.apache.jmeter.protocol.http.parser.LagartoBasedHtmlParser
2020-04-11 16:26:22,793 INFO o.a.j.p.h.s.HTTPSamplerBase: Parser for application/xhtml+xml is org.apache.jmeter.protocol.http.parser.LagartoBasedHtmlParser
2020-04-11 16:26:22,793 INFO o.a.j.p.h.s.HTTPSamplerBase: Parser for application/xml is org.apache.jmeter.protocol.http.parser.LagartoBasedHtmlParser
2020-04-11 16:26:22,793 INFO o.a.j.p.h.s.HTTPSamplerBase: Parser for text/xml is org.apache.jmeter.protocol.http.parser.LagartoBasedHtmlParser
2020-04-11 16:26:22,793 INFO o.a.j.p.h.s.HTTPSamplerBase: Parser for text/vnd.wap.wml is org.apache.jmeter.protocol.http.parser.RegexpHTMLParser
2020-04-11 16:26:22,793 INFO o.a.j.p.h.s.HTTPSamplerBase: Parser for text/css is org.apache.jmeter.protocol.http.parser.CssParser
2020-04-11 16:26:23,095 INFO o.a.j.e.KeyToolUtils: keytool found at 'keytool'
2020-04-11 16:26:23,096 INFO o.a.j.p.h.p.ProxyControl: HTTP(S) Test Script Recorder SSL Proxy will use keys that support embedded 3rd party resources in file /usr/local/Cellar/jmeter/5.2.1/libexec/bin/proxyserver.jks
2020-04-11 16:26:23,239 INFO o.a.j.s.FileServer: Default base='/Users/nofar/OpsSchool/Final-Project/final-course-project/terraform/global/VPC'
2020-04-11 16:26:23,514 INFO o.a.j.s.SampleResult: Note: Sample TimeStamps are START times
2020-04-11 16:26:23,514 INFO o.a.j.s.SampleResult: sampleresult.default.encoding is set to ISO-8859-1
2020-04-11 16:26:23,514 INFO o.a.j.s.SampleResult: sampleresult.useNanoTime=true
2020-04-11 16:26:23,514 INFO o.a.j.s.SampleResult: sampleresult.nanoThreadSleep=5000
2020-04-11 16:26:30,091 INFO o.a.j.g.a.Load: Loading file: /Users/nofar/OpsSchool/Final-Project/load-test.jmx
2020-04-11 16:26:30,091 INFO o.a.j.s.FileServer: Set new base='/Users/nofar/OpsSchool/Final-Project'
2020-04-11 16:26:30,234 INFO o.a.j.s.SaveService: Testplan (JMX) version: 2.2. Testlog (JTL) version: 2.2
2020-04-11 16:26:30,237 INFO o.a.j.s.SaveService: Using SaveService properties file encoding UTF-8
2020-04-11 16:26:30,238 INFO o.a.j.s.SaveService: Using SaveService properties version 5.0
2020-04-11 16:26:30,240 INFO o.a.j.s.SaveService: Loading file: /Users/nofar/OpsSchool/Final-Project/load-test.jmx
2020-04-11 16:26:30,367 INFO o.a.j.p.h.c.CacheManager: Will only cache the following methods: [GET]
2020-04-11 16:26:30,368 INFO o.a.j.p.h.c.CookieManager: Settings: Delete null: true Check: true Allow variable: true Save: false Prefix: COOKIE_
2020-04-11 16:26:30,476 INFO o.a.j.s.FileServer: Set new base='/Users/nofar/OpsSchool/Final-Project'
